<?xml version="1.0" encoding="UTF-8"?>
<testng-results ignored="0" total="1" passed="1" failed="0" skipped="0">
  <reporter-output>
    <line>
      <![CDATA[Lounching Facebook Application ]]>
    </line>
    <line>
      <![CDATA[Imlicit wait is appplyed ]]>
    </line>
    <line>
      <![CDATA[ appplyed wait is 1000ms]]>
    </line>
    <line>
      <![CDATA[Imlicit wait is appplyed ]]>
    </line>
    <line>
      <![CDATA[ appplyed wait is 10000ms]]>
    </line>
    <line>
      <![CDATA[Imlicit wait is appplyed ]]>
    </line>
    <line>
      <![CDATA[ appplyed wait is 10000ms]]>
    </line>
    <line>
      <![CDATA[Clicked1]]>
    </line>
    <line>
      <![CDATA[TC ValidatingUserName is passed successfully]]>
    </line>
  </reporter-output>
  <suite started-at="2023-02-06T17:50:53 IST" name="Suite" finished-at="2023-02-06T17:51:10 IST" duration-ms="16894">
    <groups>
    </groups>
    <test started-at="2023-02-06T17:50:53 IST" name="Test123" finished-at="2023-02-06T17:51:10 IST" duration-ms="16894">
      <class name="FacebookTest_MVN.ValidatingUserName">
        <test-method is-config="true" signature="lounchFacebook()[pri:0, instance:FacebookTest_MVN.ValidatingUserName@5ae50ce6]" started-at="2023-02-06T17:50:53 IST" name="lounchFacebook" finished-at="2023-02-06T17:50:57 IST" duration-ms="3584" status="PASS">
          <reporter-output>
            <line>
              <![CDATA[Lounching Facebook Application ]]>
            </line>
            <line>
              <![CDATA[Imlicit wait is appplyed ]]>
            </line>
            <line>
              <![CDATA[ appplyed wait is 1000ms]]>
            </line>
          </reporter-output>
        </test-method> <!-- lounchFacebook -->
        <test-method signature="ValidatingUserName(java.lang.String,java.lang.String,java.lang.String)[pri:0, instance:FacebookTest_MVN.ValidatingUserName@5ae50ce6]" started-at="2023-02-06T17:50:57 IST" name="ValidatingUserName" data-provider="FB_Data" finished-at="2023-02-06T17:51:08 IST" duration-ms="11115" status="PASS">
          <params>
            <param index="0">
              <value>
                <![CDATA[9156892856]]>
              </value>
            </param>
            <param index="1">
              <value>
                <![CDATA[Suhas@123]]>
              </value>
            </param>
            <param index="2">
              <value>
                <![CDATA[Suhas Powar (Son of surekha)]]>
              </value>
            </param>
          </params>
          <reporter-output>
            <line>
              <![CDATA[Imlicit wait is appplyed ]]>
            </line>
            <line>
              <![CDATA[ appplyed wait is 10000ms]]>
            </line>
            <line>
              <![CDATA[Imlicit wait is appplyed ]]>
            </line>
            <line>
              <![CDATA[ appplyed wait is 10000ms]]>
            </line>
            <line>
              <![CDATA[Clicked1]]>
            </line>
            <line>
              <![CDATA[TC ValidatingUserName is passed successfully]]>
            </line>
          </reporter-output>
        </test-method> <!-- ValidatingUserName -->
        <test-method is-config="true" signature="LogOutFromFacebook()[pri:0, instance:FacebookTest_MVN.ValidatingUserName@5ae50ce6]" started-at="2023-02-06T17:51:08 IST" name="LogOutFromFacebook" finished-at="2023-02-06T17:51:10 IST" duration-ms="2177" status="PASS">
          <reporter-output>
          </reporter-output>
        </test-method> <!-- LogOutFromFacebook -->
      </class> <!-- FacebookTest_MVN.ValidatingUserName -->
    </test> <!-- Test123 -->
  </suite> <!-- Suite -->
</testng-results>
